shard_size = 0 shard_count = 0
Seeding random numbers with system clock 
name: case value: true
Data::m_score_type BLEU
Data::Scorer type from Scorer: BLEU
Loading Data from: run1.scores.dat and run1.features.dat
loading feature data from run1.features.dat
loading score data from run1.scores.dat
Loading Data from: run2.scores.dat and run2.features.dat
loading feature data from run2.features.dat
loading score data from run2.scores.dat
Loading Data from: run3.scores.dat and run3.features.dat
loading feature data from run3.features.dat
loading score data from run3.scores.dat
Loading Data from: run4.scores.dat and run4.features.dat
loading feature data from run4.features.dat
loading score data from run4.scores.dat
Loading Data from: run5.scores.dat and run5.features.dat
loading feature data from run5.features.dat
loading score data from run5.scores.dat
Loading Data from: run6.scores.dat and run6.features.dat
loading feature data from run6.features.dat
loading score data from run6.scores.dat
Data loaded : [Wall 0.989685 CPU 0.988] seconds.
Creating a pool of 1 threads
Best point: 0.379969 0.0200455 0.0850123 -0.033438 0.0724937 0.0103948 0.0791305 0.0223031 0.0754522 0.0752892 0.00650542 0.00429108 0.0880646 0.0476101  => 0.197935
Stopping... : [Wall 24.5305 CPU 24.528] seconds.
